<?xml version="1.0" encoding="utf-8"?><testsuites name="pytest tests"><testsuite name="pytest" errors="0" failures="0" skipped="0" tests="5" time="0.825" timestamp="2026-07-31T03:44:32.147716+00:00" hostname="agent-env-f49db129-06b5-4375-a06e-b091fa8d12e6"><testcase classname="backend.tests.test_build18_storekit_smoke.TestPreviewMirrorSmoke" name="test_preview_api_root_reachable" time="0.166" /><testcase classname="backend.tests.test_build18_storekit_smoke.TestPreviewMirrorSmoke" name="test_preview_register_and_login_disposable" time="0.309" /><testcase classname="backend.tests.test_build18_storekit_smoke.TestLiveFlySmoke" name="test_live_health" time="0.113" /><testcase classname="backend.tests.test_build18_storekit_smoke.TestLiveFlySmoke" name="test_live_admin_analytics_unauth_403" time="0.098" /><testcase classname="backend.tests.test_build18_storekit_smoke.TestLiveFlySmoke" name="test_live_support_endpoint" time="0.078" /></testsuite></testsuites>