<?xml version="1.0" encoding="utf-8"?><testsuites name="pytest tests"><testsuite name="pytest" errors="0" failures="0" skipped="0" tests="12" time="1.899" timestamp="2026-07-24T17:29:13.355172+00:00" hostname="agent-env-f49db129-06b5-4375-a06e-b091fa8d12e6"><testcase classname="backend.tests.test_build11_patch.TestPasswordReset" name="test_reset_known_email" time="0.263" /><testcase classname="backend.tests.test_build11_patch.TestPasswordReset" name="test_reset_unknown_email_identical_body" time="0.247" /><testcase classname="backend.tests.test_build11_patch.TestPasswordReset" name="test_reset_invalid_email" time="0.110" /><testcase classname="backend.tests.test_build11_patch.TestPasswordReset" name="test_reset_missing_email_field" time="0.105" /><testcase classname="backend.tests.test_build11_patch.TestAdEvents" name="test_ad_event_granted_vault_coins" time="0.105" /><testcase classname="backend.tests.test_build11_patch.TestAdEvents" name="test_ad_event_granted_bonus_life" time="0.179" /><testcase classname="backend.tests.test_build11_patch.TestAdEvents" name="test_ad_event_failed" time="0.098" /><testcase classname="backend.tests.test_build11_patch.TestAdEvents" name="test_ad_event_bogus_event" time="0.098" /><testcase classname="backend.tests.test_build11_patch.TestAdEvents" name="test_ad_event_bogus_reward_type" time="0.101" /><testcase classname="backend.tests.test_build11_patch.TestAdEvents" name="test_ad_event_short_install_id" time="0.102" /><testcase classname="backend.tests.test_build11_patch.TestExistingQARegression" name="test_login_qa_player" time="0.143" /><testcase classname="backend.tests.test_build11_patch.TestExistingQARegression" name="test_get_account_with_bearer" time="0.106" /></testsuite></testsuites>