<?xml version="1.0" encoding="utf-8"?><testsuites name="pytest tests"><testsuite name="pytest" errors="0" failures="0" skipped="0" tests="5" time="0.805" timestamp="2026-07-31T18:13:54.588819+00:00" hostname="agent-env-f49db129-06b5-4375-a06e-b091fa8d12e6"><testcase classname="backend.tests.test_build20_quota.TestAdsQuota" name="test_quota_valid_user_returns_shape" time="0.330" /><testcase classname="backend.tests.test_build20_quota.TestAdsQuota" name="test_quota_short_userId_returns_400" time="0.090" /><testcase classname="backend.tests.test_build20_quota.TestAdsQuota" name="test_quota_missing_userId_returns_400" time="0.060" /><testcase classname="backend.tests.test_build20_quota.TestRegressionSmoke" name="test_api_reachable" time="0.056" /><testcase classname="backend.tests.test_build20_quota.TestRegressionSmoke" name="test_player_login_still_works" time="0.093" /></testsuite></testsuites>