<?xml version="1.0" encoding="utf-8"?><testsuites name="pytest tests"><testsuite name="pytest" errors="0" failures="0" skipped="0" tests="13" time="1.312" timestamp="2026-07-30T18:47:57.012602+00:00" hostname="agent-env-f49db129-06b5-4375-a06e-b091fa8d12e6"><testcase classname="backend.tests.test_build18_legal.TestPrivacyPage" name="test_privacy_returns_200_html" time="0.125" /><testcase classname="backend.tests.test_build18_legal.TestPrivacyPage" name="test_privacy_no_auth_required" time="0.082" /><testcase classname="backend.tests.test_build18_legal.TestPrivacyPage" name="test_privacy_content" time="0.081" /><testcase classname="backend.tests.test_build18_legal.TestTermsPage" name="test_terms_returns_200_html" time="0.106" /><testcase classname="backend.tests.test_build18_legal.TestTermsPage" name="test_terms_no_auth_required" time="0.084" /><testcase classname="backend.tests.test_build18_legal.TestTermsPage" name="test_terms_content" time="0.079" /><testcase classname="backend.tests.test_build18_legal.TestSupportPage" name="test_support_returns_200" time="0.091" /><testcase classname="backend.tests.test_build18_legal.TestSupportPage" name="test_support_footer_has_privacy_and_terms" time="0.080" /><testcase classname="backend.tests.test_build18_legal.TestBackendRegression" name="test_health" time="0.076" /><testcase classname="backend.tests.test_build18_legal.TestBackendRegression" name="test_admin_login_page" time="0.092" /><testcase classname="backend.tests.test_build18_legal.TestBackendRegression" name="test_admin_api_requires_auth" time="0.087" /><testcase classname="backend.tests.test_build18_legal.TestBackendRegression" name="test_random_path_404_json" time="0.079" /><testcase classname="backend.tests.test_build18_legal.TestAuthLogin" name="test_login_live_qa_player" time="0.158" /></testsuite></testsuites>