<?xml version="1.0" encoding="utf-8"?><testsuites name="pytest tests"><testsuite name="pytest" errors="0" failures="0" skipped="0" tests="6" time="1.095" timestamp="2026-07-27T17:19:06.145970+00:00" hostname="agent-env-f49db129-06b5-4375-a06e-b091fa8d12e6"><testcase classname="backend.tests.test_build17_handoff.TestHandoffMint" name="test_mint_with_admin_returns_201_and_code" time="0.347" /><testcase classname="backend.tests.test_build17_handoff.TestHandoffMint" name="test_mint_with_player_returns_403" time="0.159" /><testcase classname="backend.tests.test_build17_handoff.TestHandoffMint" name="test_mint_without_auth_returns_403" time="0.066" /><testcase classname="backend.tests.test_build17_handoff.TestHandoffConsume" name="test_consume_once_returns_200_html_accepted" time="0.132" /><testcase classname="backend.tests.test_build17_handoff.TestHandoffConsume" name="test_replay_of_same_code_returns_403" time="0.253" /><testcase classname="backend.tests.test_build17_handoff.TestHandoffConsume" name="test_consume_unknown_code_returns_403" time="0.071" /></testsuite></testsuites>