<?xml version="1.0" encoding="utf-8"?><testsuites name="pytest tests"><testsuite name="pytest" errors="0" failures="0" skipped="0" tests="7" time="1.585" timestamp="2026-07-30T19:42:27.037979+00:00" hostname="agent-env-f49db129-06b5-4375-a06e-b091fa8d12e6"><testcase classname="backend.tests.test_build18_delete_account.TestDeleteAccountMirror" name="test_no_auth_returns_401" time="0.363" /><testcase classname="backend.tests.test_build18_delete_account.TestDeleteAccountMirror" name="test_missing_confirm_returns_400" time="0.157" /><testcase classname="backend.tests.test_build18_delete_account.TestDeleteAccountMirror" name="test_wrong_confirm_returns_400" time="0.154" /><testcase classname="backend.tests.test_build18_delete_account.TestDeleteAccountMirror" name="test_wrong_password_returns_403" time="0.180" /><testcase classname="backend.tests.test_build18_delete_account.TestDeleteAccountMirror" name="test_correct_delete_flow" time="0.366" /><testcase classname="backend.tests.test_build18_delete_account.TestDeleteAccountMirror" name="test_second_delete_with_revoked_token_returns_401" time="0.228" /><testcase classname="backend.tests.test_build18_delete_account.TestSupportTicketRegression" name="test_support_ticket_submission" time="0.062" /></testsuite></testsuites>