<?xml version="1.0" encoding="utf-8"?><testsuites name="pytest tests"><testsuite name="pytest" errors="0" failures="0" skipped="0" tests="5" time="0.636" timestamp="2026-07-24T19:41:16.733449+00:00" hostname="agent-env-f49db129-06b5-4375-a06e-b091fa8d12e6"><testcase classname="backend.tests.test_build15_qa.TestAuthLoginRoles" name="test_admin_login_returns_admin_role" time="0.200" /><testcase classname="backend.tests.test_build15_qa.TestAuthLoginRoles" name="test_player_login_returns_player_role" time="0.078" /><testcase classname="backend.tests.test_build15_qa.TestSessionRefresh" name="test_admin_refresh_preserves_role" time="0.122" /><testcase classname="backend.tests.test_build15_qa.TestSessionRefresh" name="test_player_refresh_preserves_role" time="0.126" /><testcase classname="backend.tests.test_build15_qa.TestPasswordResetSafeMessage" name="test_password_reset_generic_message" time="0.046" /></testsuite></testsuites>