<?xml version="1.0" encoding="utf-8"?><testsuites name="pytest tests"><testsuite name="pytest" errors="0" failures="0" skipped="0" tests="31" time="4.455" timestamp="2026-07-08T19:19:49.693286+00:00" hostname="agent-env-f49db129-06b5-4375-a06e-b091fa8d12e6"><testcase classname="backend.tests.test_auth_support.TestRegister" name="test_register_success" time="0.295" /><testcase classname="backend.tests.test_auth_support.TestRegister" name="test_register_duplicate_email" time="0.145" /><testcase classname="backend.tests.test_auth_support.TestRegister" name="test_register_weak_password" time="0.114" /><testcase classname="backend.tests.test_auth_support.TestLoginAndAccount" name="test_login_success" time="0.140" /><testcase classname="backend.tests.test_auth_support.TestLoginAndAccount" name="test_login_wrong_password" time="0.160" /><testcase classname="backend.tests.test_auth_support.TestLoginAndAccount" name="test_get_account_with_token" time="0.150" /><testcase classname="backend.tests.test_auth_support.TestLoginAndAccount" name="test_get_account_missing_token" time="0.102" /><testcase classname="backend.tests.test_auth_support.TestLoginAndAccount" name="test_logout_invalidates_session" time="0.271" /><testcase classname="backend.tests.test_auth_support.TestExistingPlayer" name="test_login_existing_qa_player" time="0.131" /><testcase classname="backend.tests.test_auth_support.TestSupportTickets" name="test_create_ticket_valid" time="0.116" /><testcase classname="backend.tests.test_auth_support.TestSupportTickets" name="test_all_valid_categories[Purchase issue]" time="0.099" /><testcase classname="backend.tests.test_auth_support.TestSupportTickets" name="test_all_valid_categories[Ads issue]" time="0.097" /><testcase classname="backend.tests.test_auth_support.TestSupportTickets" name="test_all_valid_categories[Gameplay issue]" time="0.099" /><testcase classname="backend.tests.test_auth_support.TestSupportTickets" name="test_all_valid_categories[Bug report]" time="0.111" /><testcase classname="backend.tests.test_auth_support.TestSupportTickets" name="test_all_valid_categories[Privacy request]" time="0.101" /><testcase classname="backend.tests.test_auth_support.TestSupportTickets" name="test_all_valid_categories[Other]" time="0.112" /><testcase classname="backend.tests.test_auth_support.TestSupportTickets" name="test_invalid_category" time="0.140" /><testcase classname="backend.tests.test_auth_support.TestSupportTickets" name="test_short_message_rejected" time="0.096" /><testcase classname="backend.tests.test_auth_support.TestHealth" name="test_api_root" time="0.126" /><testcase classname="backend.tests.test_leaderboard.TestLeaderboardSubmit" name="test_submit_valid_returns_rank" time="0.101" /><testcase classname="backend.tests.test_leaderboard.TestLeaderboardSubmit" name="test_submit_unknown_mode_rejected" time="0.108" /><testcase classname="backend.tests.test_leaderboard.TestLeaderboardSubmit" name="test_submit_keeps_max_score" time="0.219" /><testcase classname="backend.tests.test_leaderboard.TestLeaderboardSubmit" name="test_submit_validation_negative_score" time="0.109" /><testcase classname="backend.tests.test_leaderboard.TestLeaderboardSubmit" name="test_submit_validation_short_handle" time="0.101" /><testcase classname="backend.tests.test_leaderboard.TestLeaderboardGet" name="test_get_classic_sorted" time="0.101" /><testcase classname="backend.tests.test_leaderboard.TestLeaderboardGet" name="test_get_your_rank_matches_install" time="0.120" /><testcase classname="backend.tests.test_leaderboard.TestLeaderboardGet" name="test_get_unknown_mode_returns_empty" time="0.120" /><testcase classname="backend.tests.test_leaderboard.TestLeaderboardGet" name="test_get_daily_and_streak_modes_valid" time="0.221" /><testcase classname="backend.tests.test_leaderboard.TestLeaderboardBlitz" name="test_submit_and_get_blitz" time="0.221" /><testcase classname="backend.tests.test_leaderboard.TestLeaderboardBlitz" name="test_classic_unaffected_by_blitz" time="0.124" /><testcase classname="backend.tests.test_leaderboard.TestLeaderboardHealth" name="test_api_root" time="0.092" /></testsuite></testsuites>