<?xml version="1.0" encoding="utf-8"?><testsuites name="pytest tests"><testsuite name="pytest" errors="0" failures="0" skipped="0" tests="10" time="1.543" timestamp="2026-07-05T02:37:45.935988+00:00" hostname="agent-env-f49db129-06b5-4375-a06e-b091fa8d12e6"><testcase classname="backend.tests.test_leaderboard.TestLeaderboardSubmit" name="test_submit_valid_returns_rank" time="0.240" /><testcase classname="backend.tests.test_leaderboard.TestLeaderboardSubmit" name="test_submit_unknown_mode_rejected" time="0.104" /><testcase classname="backend.tests.test_leaderboard.TestLeaderboardSubmit" name="test_submit_keeps_max_score" time="0.238" /><testcase classname="backend.tests.test_leaderboard.TestLeaderboardSubmit" name="test_submit_validation_negative_score" time="0.122" /><testcase classname="backend.tests.test_leaderboard.TestLeaderboardSubmit" name="test_submit_validation_short_handle" time="0.096" /><testcase classname="backend.tests.test_leaderboard.TestLeaderboardGet" name="test_get_classic_sorted" time="0.133" /><testcase classname="backend.tests.test_leaderboard.TestLeaderboardGet" name="test_get_your_rank_matches_install" time="0.129" /><testcase classname="backend.tests.test_leaderboard.TestLeaderboardGet" name="test_get_unknown_mode_returns_empty" time="0.098" /><testcase classname="backend.tests.test_leaderboard.TestLeaderboardGet" name="test_get_daily_and_streak_modes_valid" time="0.205" /><testcase classname="backend.tests.test_leaderboard.TestLeaderboardHealth" name="test_api_root" time="0.102" /></testsuite></testsuites>